<?xml version="1.0" encoding="UTF-8"?>
<testng-results ignored="0" total="1" passed="1" failed="0" skipped="0">
  <reporter-output>
  </reporter-output>
  <suite started-at="2023-01-04T18:57:57 IST" name="nopCommerce" finished-at="2023-01-04T18:58:42 IST" duration-ms="45725">
    <groups>
    </groups>
    <test started-at="2023-01-04T18:57:57 IST" name="Test1" finished-at="2023-01-04T18:58:42 IST" duration-ms="45725">
      <class name="com.nopcommerce.testCases.TC_LoginTest_001">
        <test-method is-config="true" signature="setup(java.lang.String)[pri:0, instance:com.nopcommerce.testCases.TC_LoginTest_001@393671df]" started-at="2023-01-04T18:57:57 IST" name="setup" finished-at="2023-01-04T18:58:11 IST" duration-ms="14158" status="PASS">
          <params>
            <param index="0">
              <value>
                <![CDATA[chrome]]>
              </value>
            </param>
          </params>
          <reporter-output>
          </reporter-output>
        </test-method> <!-- setup -->
        <test-method signature="loginTest()[pri:0, instance:com.nopcommerce.testCases.TC_LoginTest_001@393671df]" started-at="2023-01-04T18:58:11 IST" name="loginTest" finished-at="2023-01-04T18:58:41 IST" duration-ms="30347" status="PASS">
          <reporter-output>
          </reporter-output>
        </test-method> <!-- loginTest -->
        <test-method is-config="true" signature="tearDown()[pri:0, instance:com.nopcommerce.testCases.TC_LoginTest_001@393671df]" started-at="2023-01-04T18:58:41 IST" name="tearDown" finished-at="2023-01-04T18:58:42 IST" duration-ms="1121" status="PASS">
          <reporter-output>
          </reporter-output>
        </test-method> <!-- tearDown -->
      </class> <!-- com.nopcommerce.testCases.TC_LoginTest_001 -->
    </test> <!-- Test1 -->
  </suite> <!-- nopCommerce -->
</testng-results>
