<?xml version="1.0" encoding="UTF-8"?>
<testng-results ignored="0" total="2" passed="2" failed="0" skipped="0">
  <reporter-output>
  </reporter-output>
  <suite started-at="2022-02-24T21:20:47 IST" name="nopCommerce" finished-at="2022-02-24T21:21:33 IST" duration-ms="45909">
    <groups>
    </groups>
    <test started-at="2022-02-24T21:20:47 IST" name="Test1" finished-at="2022-02-24T21:21:10 IST" duration-ms="23816">
      <class name="com.nopcommerce.testCases.TC_LoginTest_001">
        <test-method is-config="true" signature="setup(java.lang.String)[pri:0, instance:com.nopcommerce.testCases.TC_LoginTest_001@7f0eb4b4]" started-at="2022-02-24T21:20:47 IST" name="setup" finished-at="2022-02-24T21:20:51 IST" duration-ms="3951" status="PASS">
          <params>
            <param index="0">
              <value>
                <![CDATA[chrome]]>
              </value>
            </param>
          </params>
          <reporter-output>
          </reporter-output>
        </test-method> <!-- setup -->
        <test-method signature="loginTest()[pri:0, instance:com.nopcommerce.testCases.TC_LoginTest_001@7f0eb4b4]" started-at="2022-02-24T21:20:51 IST" name="loginTest" finished-at="2022-02-24T21:21:10 IST" duration-ms="19181" status="PASS">
          <reporter-output>
          </reporter-output>
        </test-method> <!-- loginTest -->
        <test-method is-config="true" signature="tearDown()[pri:0, instance:com.nopcommerce.testCases.TC_LoginTest_001@7f0eb4b4]" started-at="2022-02-24T21:21:10 IST" name="tearDown" finished-at="2022-02-24T21:21:10 IST" duration-ms="659" status="PASS">
          <reporter-output>
          </reporter-output>
        </test-method> <!-- tearDown -->
      </class> <!-- com.nopcommerce.testCases.TC_LoginTest_001 -->
    </test> <!-- Test1 -->
    <test started-at="2022-02-24T21:21:10 IST" name="Test2" finished-at="2022-02-24T21:21:33 IST" duration-ms="22080">
      <class name="com.nopcommerce.testCases.TC_LoginTest_001">
        <test-method is-config="true" signature="setup(java.lang.String)[pri:0, instance:com.nopcommerce.testCases.TC_LoginTest_001@1aafa419]" started-at="2022-02-24T21:21:10 IST" name="setup" finished-at="2022-02-24T21:21:18 IST" duration-ms="7470" status="PASS">
          <params>
            <param index="0">
              <value>
                <![CDATA[firefox]]>
              </value>
            </param>
          </params>
          <reporter-output>
          </reporter-output>
        </test-method> <!-- setup -->
        <test-method signature="loginTest()[pri:0, instance:com.nopcommerce.testCases.TC_LoginTest_001@1aafa419]" started-at="2022-02-24T21:21:18 IST" name="loginTest" finished-at="2022-02-24T21:21:31 IST" duration-ms="13172" status="PASS">
          <reporter-output>
          </reporter-output>
        </test-method> <!-- loginTest -->
        <test-method is-config="true" signature="tearDown()[pri:0, instance:com.nopcommerce.testCases.TC_LoginTest_001@1aafa419]" started-at="2022-02-24T21:21:31 IST" name="tearDown" finished-at="2022-02-24T21:21:33 IST" duration-ms="1434" status="PASS">
          <reporter-output>
          </reporter-output>
        </test-method> <!-- tearDown -->
      </class> <!-- com.nopcommerce.testCases.TC_LoginTest_001 -->
    </test> <!-- Test2 -->
  </suite> <!-- nopCommerce -->
</testng-results>
