<?xml version="1.0" encoding="UTF-8"?>
<!-- Generated by org.testng.reporters.JUnitReportReporter -->
<testsuite hostname="LAPTOP-5LC4GE84" failures="0" tests="2" name="com.nopcommerce.testCases.TC_LoginTest_001" time="32.353" errors="0" timestamp="2022-02-24T21:21:33 IST" skipped="0">
  <testcase classname="com.nopcommerce.testCases.TC_LoginTest_001" name="loginTest" time="13.172"/>
  <system-out/>
  <testcase classname="com.nopcommerce.testCases.TC_LoginTest_001" name="loginTest" time="19.181"/>
  <system-out/>
</testsuite> <!-- com.nopcommerce.testCases.TC_LoginTest_001 -->
